mode: set
customer/store/store.go:13.18,15.2 1 1
customer/store/store.go:17.66,20.16 2 1
customer/store/store.go:24.2,26.18 2 1
customer/store/store.go:35.2,35.17 1 1
customer/store/store.go:20.16,22.3 1 1
customer/store/store.go:26.18,30.17 3 1
customer/store/store.go:33.3,33.30 1 1
customer/store/store.go:30.17,32.4 1 1
customer/store/store.go:39.76,43.26 4 1
customer/store/store.go:46.2,46.16 1 1
customer/store/store.go:49.2,49.22 1 1
customer/store/store.go:43.26,45.3 1 1
customer/store/store.go:46.16,48.3 1 1
customer/store/store.go:52.93,55.16 2 1
customer/store/store.go:58.2,58.22 1 1
customer/store/store.go:55.16,57.3 1 1
customer/store/store.go:61.101,64.26 2 1
customer/store/store.go:67.2,67.16 1 1
customer/store/store.go:70.2,70.22 1 1
customer/store/store.go:64.26,66.3 1 1
customer/store/store.go:67.16,69.3 1 1
customer/store/store.go:73.56,75.26 2 1
customer/store/store.go:78.2,78.16 1 1
customer/store/store.go:81.2,81.12 1 1
customer/store/store.go:75.26,77.3 1 1
customer/store/store.go:78.16,80.3 1 1
customer/store/store.go:84.100,89.15 3 1
customer/store/store.go:93.2,98.26 4 1
customer/store/store.go:101.2,101.16 1 1
customer/store/store.go:104.2,105.22 2 1
customer/store/store.go:89.15,91.3 1 1
customer/store/store.go:98.26,100.3 1 0
customer/store/store.go:101.16,103.3 1 1
customer/store/store.go:108.69,111.18 2 1
customer/store/store.go:116.2,116.16 1 1
customer/store/store.go:121.2,121.19 1 1
customer/store/store.go:126.2,126.18 1 1
customer/store/store.go:130.2,130.19 1 1
customer/store/store.go:111.18,114.3 2 1
customer/store/store.go:116.16,119.3 2 1
customer/store/store.go:121.19,124.3 2 1
customer/store/store.go:126.18,128.3 1 1
